<?xml version="1.0" encoding="UTF-8"?>
<!-- Generated by org.testng.reporters.JUnitReportReporter -->
<testsuite hostname="DESKTOP-6PBGOBT" failures="0" tests="7" name="com.qa.opencart.testcases.LoginPageTest" time="60.214" errors="0" timestamp="29 Oct 2023 02:59:50 GMT">
  <testcase classname="com.qa.opencart.testcases.LoginPageTest" name="verifyCreateAccountLinkDisplay" time="7.112"/>
  <testcase classname="com.qa.opencart.testcases.LoginPageTest" name="verifySignInLinkDisplay" time="7.846"/>
  <testcase classname="com.qa.opencart.testcases.LoginPageTest" name="verifySearchBoxDisplay" time="7.562"/>
  <testcase classname="com.qa.opencart.testcases.LoginPageTest" name="verifyFooterElementText" time="8.298"/>
  <testcase classname="com.qa.opencart.testcases.LoginPageTest" name="verifyHeaderElementsText" time="8.220"/>
  <testcase classname="com.qa.opencart.testcases.LoginPageTest" name="verifyLoginPageTitle" time="13.060"/>
  <testcase classname="com.qa.opencart.testcases.LoginPageTest" name="verifyCartLinkDisplay" time="8.116"/>
</testsuite> <!-- com.qa.opencart.testcases.LoginPageTest -->
